2017-06-16 17:27:10,946 [Worker-170] INFO  o.e.m.c.i.l.LifecycleMappingFactory - Using org.eclipse.m2e.jdt.JarLifecycleMapping lifecycle mapping for MavenProject: basicsOfMaven:MavenProject_UHG:0.0.1-SNAPSHOT @ D:\Hyd_UHG_12thJune2017\MavenProject_UHG\pom.xml.
2017-06-16 17:27:15,548 [Worker-170] INFO  o.e.m.j.i.AbstractJavaProjectConfigurator - Adding source folder /MavenProject_UHG/src/main/java
2017-06-16 17:27:15,550 [Worker-170] INFO  o.e.m.j.i.AbstractJavaProjectConfigurator - Adding resource folder /MavenProject_UHG/src/main/resources
2017-06-16 17:27:15,552 [Worker-170] INFO  o.e.m.j.i.AbstractJavaProjectConfigurator - Adding source folder /MavenProject_UHG/src/test/java
2017-06-16 17:27:15,552 [Worker-170] INFO  o.e.m.j.i.AbstractJavaProjectConfigurator - Adding resource folder /MavenProject_UHG/src/test/resources
2017-06-16 17:27:17,658 [Worker-181] WARN  o.e.m.c.i.embedder.EclipseLogger - Using platform encoding (Cp1252 actually) to copy filtered resources, i.e. build is platform dependent!
2017-06-16 17:27:17,681 [Worker-181] INFO  o.e.m.c.i.embedder.EclipseLogger - Copying 0 resource
2017-06-16 17:27:17,684 [Worker-181] WARN  o.e.m.c.i.embedder.EclipseLogger - Using platform encoding (Cp1252 actually) to copy filtered resources, i.e. build is platform dependent!
2017-06-16 17:27:17,686 [Worker-181] INFO  o.e.m.c.i.embedder.EclipseLogger - Copying 0 resource
2017-06-16 17:28:39,555 [Worker-179] WARN  o.e.m.c.i.embedder.EclipseLogger - Using platform encoding (Cp1252 actually) to copy filtered resources, i.e. build is platform dependent!
2017-06-16 17:28:39,559 [Worker-179] INFO  o.e.m.c.i.embedder.EclipseLogger - Copying 0 resource
2017-06-16 17:28:39,560 [Worker-179] WARN  o.e.m.c.i.embedder.EclipseLogger - Using platform encoding (Cp1252 actually) to copy filtered resources, i.e. build is platform dependent!
2017-06-16 17:28:39,564 [Worker-179] INFO  o.e.m.c.i.embedder.EclipseLogger - Copying 0 resource
2017-06-16 17:32:28,945 [Worker-181] INFO  o.e.m.c.i.l.LifecycleMappingFactory - Using org.eclipse.m2e.jdt.JarLifecycleMapping lifecycle mapping for MavenProject: basicsOfMaven:MavenProject_UHG:0.0.1-SNAPSHOT @ D:\Hyd_UHG_12thJune2017\MavenProject_UHG\pom.xml.
2017-06-16 17:32:30,318 [Worker-181] WARN  o.e.m.c.i.embedder.EclipseLogger - Using platform encoding (Cp1252 actually) to copy filtered resources, i.e. build is platform dependent!
2017-06-16 17:32:30,320 [Worker-181] INFO  o.e.m.c.i.embedder.EclipseLogger - Copying 0 resource
2017-06-16 17:32:30,334 [Worker-181] WARN  o.e.m.c.i.embedder.EclipseLogger - Using platform encoding (Cp1252 actually) to copy filtered resources, i.e. build is platform dependent!
2017-06-16 17:32:30,335 [Worker-181] INFO  o.e.m.c.i.embedder.EclipseLogger - Copying 0 resource
2017-06-16 17:32:32,245 [Worker-182] WARN  o.e.m.c.i.embedder.EclipseLogger - Using platform encoding (Cp1252 actually) to copy filtered resources, i.e. build is platform dependent!
2017-06-16 17:32:32,247 [Worker-182] INFO  o.e.m.c.i.embedder.EclipseLogger - Copying 0 resource
2017-06-16 17:32:32,249 [Worker-182] WARN  o.e.m.c.i.embedder.EclipseLogger - Using platform encoding (Cp1252 actually) to copy filtered resources, i.e. build is platform dependent!
2017-06-16 17:32:32,251 [Worker-182] INFO  o.e.m.c.i.embedder.EclipseLogger - Copying 0 resource
2017-06-16 17:33:39,605 [Worker-183] INFO  o.e.m.c.i.l.LifecycleMappingFactory - Using org.eclipse.m2e.jdt.JarLifecycleMapping lifecycle mapping for MavenProject: basicsOfMaven:MavenProject_UHG:0.0.1-SNAPSHOT @ D:\Hyd_UHG_12thJune2017\MavenProject_UHG\pom.xml.
2017-06-16 17:33:41,437 [Worker-183] INFO  o.e.m.c.i.e.AbstractTransferListenerAdapter - Downloading https://repo.maven.apache.org/maven2/org/testng/testng/6.6/testng-6.6.pom
2017-06-16 17:33:41,819 [Worker-183] INFO  o.e.m.c.i.e.AbstractTransferListenerAdapter - Downloaded https://repo.maven.apache.org/maven2/org/testng/testng/6.6/testng-6.6.pom
2017-06-16 17:33:42,634 [Worker-183] INFO  o.e.m.c.i.e.AbstractTransferListenerAdapter - Downloading https://repo.maven.apache.org/maven2/org/testng/testng/6.6/testng-6.6.jar
2017-06-16 17:33:44,769 [Worker-183] INFO  o.e.m.c.i.e.AbstractTransferListenerAdapter - Downloaded https://repo.maven.apache.org/maven2/org/testng/testng/6.6/testng-6.6.jar
2017-06-16 17:33:45,589 [Worker-183] WARN  o.e.m.c.i.embedder.EclipseLogger - Using platform encoding (Cp1252 actually) to copy filtered resources, i.e. build is platform dependent!
2017-06-16 17:33:45,593 [Worker-183] INFO  o.e.m.c.i.embedder.EclipseLogger - Copying 0 resource
2017-06-16 17:33:45,598 [Worker-183] WARN  o.e.m.c.i.embedder.EclipseLogger - Using platform encoding (Cp1252 actually) to copy filtered resources, i.e. build is platform dependent!
2017-06-16 17:33:45,599 [Worker-183] INFO  o.e.m.c.i.embedder.EclipseLogger - Copying 0 resource
2017-06-16 17:33:47,590 [Worker-183] WARN  o.e.m.c.i.embedder.EclipseLogger - Using platform encoding (Cp1252 actually) to copy filtered resources, i.e. build is platform dependent!
2017-06-16 17:33:47,592 [Worker-183] INFO  o.e.m.c.i.embedder.EclipseLogger - Copying 0 resource
2017-06-16 17:33:47,594 [Worker-183] WARN  o.e.m.c.i.embedder.EclipseLogger - Using platform encoding (Cp1252 actually) to copy filtered resources, i.e. build is platform dependent!
2017-06-16 17:33:47,595 [Worker-183] INFO  o.e.m.c.i.embedder.EclipseLogger - Copying 0 resource
2017-06-16 17:34:14,317 [Worker-178] INFO  o.e.m.c.i.l.LifecycleMappingFactory - Using org.eclipse.m2e.jdt.JarLifecycleMapping lifecycle mapping for MavenProject: basicsOfMaven:MavenProject_UHG:0.0.1-SNAPSHOT @ D:\Hyd_UHG_12thJune2017\MavenProject_UHG\pom.xml.
2017-06-16 17:34:14,578 [Worker-178] INFO  o.e.m.c.i.e.AbstractTransferListenerAdapter - Downloading https://repo.maven.apache.org/maven2/org/testng/testng/6.11/testng-6.11.pom
2017-06-16 17:34:14,845 [Worker-178] INFO  o.e.m.c.i.e.AbstractTransferListenerAdapter - Downloaded https://repo.maven.apache.org/maven2/org/testng/testng/6.11/testng-6.11.pom
2017-06-16 17:34:15,110 [Worker-178] INFO  o.e.m.c.i.e.AbstractTransferListenerAdapter - Downloading https://repo.maven.apache.org/maven2/com/beust/jcommander/1.64/jcommander-1.64.pom
2017-06-16 17:34:15,370 [Worker-178] INFO  o.e.m.c.i.e.AbstractTransferListenerAdapter - Downloaded https://repo.maven.apache.org/maven2/com/beust/jcommander/1.64/jcommander-1.64.pom
2017-06-16 17:34:15,640 [Worker-178] INFO  o.e.m.c.i.e.AbstractTransferListenerAdapter - Downloading https://repo.maven.apache.org/maven2/org/yaml/snakeyaml/1.17/snakeyaml-1.17.pom
2017-06-16 17:34:15,913 [Worker-178] INFO  o.e.m.c.i.e.AbstractTransferListenerAdapter - Downloaded https://repo.maven.apache.org/maven2/org/yaml/snakeyaml/1.17/snakeyaml-1.17.pom
2017-06-16 17:34:16,186 [Worker-178] INFO  o.e.m.c.i.e.AbstractTransferListenerAdapter - Downloading https://repo.maven.apache.org/maven2/org/testng/testng/6.11/testng-6.11.jar
2017-06-16 17:34:16,761 [Worker-178] INFO  o.e.m.c.i.e.AbstractTransferListenerAdapter - Downloaded https://repo.maven.apache.org/maven2/org/testng/testng/6.11/testng-6.11.jar
2017-06-16 17:34:17,021 [Worker-178] INFO  o.e.m.c.i.e.AbstractTransferListenerAdapter - Downloading https://repo.maven.apache.org/maven2/com/beust/jcommander/1.64/jcommander-1.64.jar
2017-06-16 17:34:17,300 [Worker-178] INFO  o.e.m.c.i.e.AbstractTransferListenerAdapter - Downloaded https://repo.maven.apache.org/maven2/com/beust/jcommander/1.64/jcommander-1.64.jar
2017-06-16 17:34:17,563 [Worker-178] INFO  o.e.m.c.i.e.AbstractTransferListenerAdapter - Downloading https://repo.maven.apache.org/maven2/org/yaml/snakeyaml/1.17/snakeyaml-1.17.jar
2017-06-16 17:34:17,919 [Worker-178] INFO  o.e.m.c.i.e.AbstractTransferListenerAdapter - Downloaded https://repo.maven.apache.org/maven2/org/yaml/snakeyaml/1.17/snakeyaml-1.17.jar
2017-06-16 17:34:18,733 [Worker-178] WARN  o.e.m.c.i.embedder.EclipseLogger - Using platform encoding (Cp1252 actually) to copy filtered resources, i.e. build is platform dependent!
2017-06-16 17:34:18,735 [Worker-178] INFO  o.e.m.c.i.embedder.EclipseLogger - Copying 0 resource
2017-06-16 17:34:18,738 [Worker-178] WARN  o.e.m.c.i.embedder.EclipseLogger - Using platform encoding (Cp1252 actually) to copy filtered resources, i.e. build is platform dependent!
2017-06-16 17:34:18,739 [Worker-178] INFO  o.e.m.c.i.embedder.EclipseLogger - Copying 0 resource
2017-06-16 17:34:20,525 [Worker-181] WARN  o.e.m.c.i.embedder.EclipseLogger - Using platform encoding (Cp1252 actually) to copy filtered resources, i.e. build is platform dependent!
2017-06-16 17:34:20,527 [Worker-181] INFO  o.e.m.c.i.embedder.EclipseLogger - Copying 0 resource
2017-06-16 17:34:20,530 [Worker-181] WARN  o.e.m.c.i.embedder.EclipseLogger - Using platform encoding (Cp1252 actually) to copy filtered resources, i.e. build is platform dependent!
2017-06-16 17:34:20,531 [Worker-181] INFO  o.e.m.c.i.embedder.EclipseLogger - Copying 0 resource
2017-06-16 17:35:39,835 [Worker-180] INFO  o.e.m.c.i.l.LifecycleMappingFactory - Using org.eclipse.m2e.jdt.JarLifecycleMapping lifecycle mapping for MavenProject: basicsOfMaven:MavenProject_UHG:0.0.1-SNAPSHOT @ D:\Hyd_UHG_12thJune2017\MavenProject_UHG\pom.xml.
2017-06-16 17:35:50,170 [Worker-180] WARN  o.e.m.c.i.embedder.EclipseLogger - Using platform encoding (Cp1252 actually) to copy filtered resources, i.e. build is platform dependent!
2017-06-16 17:35:50,173 [Worker-180] INFO  o.e.m.c.i.embedder.EclipseLogger - Copying 0 resource
2017-06-16 17:35:50,176 [Worker-180] WARN  o.e.m.c.i.embedder.EclipseLogger - Using platform encoding (Cp1252 actually) to copy filtered resources, i.e. build is platform dependent!
2017-06-16 17:35:50,177 [Worker-180] INFO  o.e.m.c.i.embedder.EclipseLogger - Copying 0 resource
2017-06-16 17:35:52,896 [Worker-184] WARN  o.e.m.c.i.embedder.EclipseLogger - Using platform encoding (Cp1252 actually) to copy filtered resources, i.e. build is platform dependent!
2017-06-16 17:35:52,898 [Worker-184] INFO  o.e.m.c.i.embedder.EclipseLogger - Copying 0 resource
2017-06-16 17:35:52,901 [Worker-184] WARN  o.e.m.c.i.embedder.EclipseLogger - Using platform encoding (Cp1252 actually) to copy filtered resources, i.e. build is platform dependent!
2017-06-16 17:35:52,903 [Worker-184] INFO  o.e.m.c.i.embedder.EclipseLogger - Copying 0 resource
2017-06-16 17:36:13,399 [Worker-183] WARN  o.e.m.c.i.embedder.EclipseLogger - Using platform encoding (Cp1252 actually) to copy filtered resources, i.e. build is platform dependent!
2017-06-16 17:36:13,401 [Worker-183] INFO  o.e.m.c.i.embedder.EclipseLogger - Copying 0 resource
2017-06-16 17:36:13,404 [Worker-183] WARN  o.e.m.c.i.embedder.EclipseLogger - Using platform encoding (Cp1252 actually) to copy filtered resources, i.e. build is platform dependent!
2017-06-16 17:36:13,406 [Worker-183] INFO  o.e.m.c.i.embedder.EclipseLogger - Copying 0 resource
2017-06-16 17:37:00,608 [Worker-178] WARN  o.e.m.c.i.embedder.EclipseLogger - Using platform encoding (Cp1252 actually) to copy filtered resources, i.e. build is platform dependent!
2017-06-16 17:37:00,610 [Worker-178] INFO  o.e.m.c.i.embedder.EclipseLogger - Copying 0 resource
2017-06-16 17:37:00,613 [Worker-178] WARN  o.e.m.c.i.embedder.EclipseLogger - Using platform encoding (Cp1252 actually) to copy filtered resources, i.e. build is platform dependent!
2017-06-16 17:37:00,615 [Worker-178] INFO  o.e.m.c.i.embedder.EclipseLogger - Copying 0 resource
2017-06-16 17:37:18,166 [Worker-183] WARN  o.e.m.c.i.embedder.EclipseLogger - Using platform encoding (Cp1252 actually) to copy filtered resources, i.e. build is platform dependent!
2017-06-16 17:37:18,167 [Worker-183] INFO  o.e.m.c.i.embedder.EclipseLogger - Copying 0 resource
2017-06-16 17:37:18,170 [Worker-183] WARN  o.e.m.c.i.embedder.EclipseLogger - Using platform encoding (Cp1252 actually) to copy filtered resources, i.e. build is platform dependent!
2017-06-16 17:37:18,172 [Worker-183] INFO  o.e.m.c.i.embedder.EclipseLogger - Copying 0 resource
2017-06-16 17:38:42,425 [Worker-184] INFO  o.e.m.i.launch.MavenLaunchDelegate - D:\Hyd_UHG_12thJune2017\MavenProject_UHG
2017-06-16 17:38:42,425 [Worker-184] INFO  o.e.m.i.launch.MavenLaunchDelegate -  mvn  -B clean
2017-06-16 17:38:46,312 [Worker-182] WARN  o.e.m.c.i.embedder.EclipseLogger - Using platform encoding (Cp1252 actually) to copy filtered resources, i.e. build is platform dependent!
2017-06-16 17:38:46,314 [Worker-182] INFO  o.e.m.c.i.embedder.EclipseLogger - Copying 0 resource
2017-06-16 17:38:46,317 [Worker-182] WARN  o.e.m.c.i.embedder.EclipseLogger - Using platform encoding (Cp1252 actually) to copy filtered resources, i.e. build is platform dependent!
2017-06-16 17:38:46,319 [Worker-182] INFO  o.e.m.c.i.embedder.EclipseLogger - Copying 0 resource
2017-06-16 17:38:59,904 [Worker-183] INFO  o.e.m.i.launch.MavenLaunchDelegate - D:\Hyd_UHG_12thJune2017\MavenProject_UHG
2017-06-16 17:38:59,904 [Worker-183] INFO  o.e.m.i.launch.MavenLaunchDelegate -  mvn  -B install
2017-06-16 17:39:24,199 [Worker-185] WARN  o.e.m.c.i.embedder.EclipseLogger - Using platform encoding (Cp1252 actually) to copy filtered resources, i.e. build is platform dependent!
2017-06-16 17:39:24,200 [Worker-185] INFO  o.e.m.c.i.embedder.EclipseLogger - Copying 0 resource
2017-06-16 17:39:24,203 [Worker-185] WARN  o.e.m.c.i.embedder.EclipseLogger - Using platform encoding (Cp1252 actually) to copy filtered resources, i.e. build is platform dependent!
2017-06-16 17:39:24,205 [Worker-185] INFO  o.e.m.c.i.embedder.EclipseLogger - Copying 0 resource
2017-06-16 17:40:30,806 [Worker-182] INFO  o.e.m.i.launch.MavenLaunchDelegate - D:\Hyd_UHG_12thJune2017\MavenProject_UHG
2017-06-16 17:40:30,806 [Worker-182] INFO  o.e.m.i.launch.MavenLaunchDelegate -  mvn  -B clean
2017-06-16 17:40:34,173 [Worker-180] WARN  o.e.m.c.i.embedder.EclipseLogger - Using platform encoding (Cp1252 actually) to copy filtered resources, i.e. build is platform dependent!
2017-06-16 17:40:34,175 [Worker-180] INFO  o.e.m.c.i.embedder.EclipseLogger - Copying 0 resource
2017-06-16 17:40:34,181 [Worker-180] WARN  o.e.m.c.i.embedder.EclipseLogger - Using platform encoding (Cp1252 actually) to copy filtered resources, i.e. build is platform dependent!
2017-06-16 17:40:34,183 [Worker-180] INFO  o.e.m.c.i.embedder.EclipseLogger - Copying 0 resource
2017-06-16 17:40:47,739 [Worker-182] INFO  o.e.m.i.launch.MavenLaunchDelegate - D:\Hyd_UHG_12thJune2017\MavenProject_UHG
2017-06-16 17:40:47,740 [Worker-182] INFO  o.e.m.i.launch.MavenLaunchDelegate -  mvn  -B test
2017-06-16 17:41:00,172 [Worker-165] WARN  o.e.m.c.i.embedder.EclipseLogger - Using platform encoding (Cp1252 actually) to copy filtered resources, i.e. build is platform dependent!
2017-06-16 17:41:00,173 [Worker-165] INFO  o.e.m.c.i.embedder.EclipseLogger - Copying 0 resource
2017-06-16 17:41:00,176 [Worker-165] WARN  o.e.m.c.i.embedder.EclipseLogger - Using platform encoding (Cp1252 actually) to copy filtered resources, i.e. build is platform dependent!
2017-06-16 17:41:00,178 [Worker-165] INFO  o.e.m.c.i.embedder.EclipseLogger - Copying 0 resource
